bodhisattva_vs_2017.lib(btVector3.obj) : warning LNK4099: PDB 'LinearMath.pdb' was not found with 'bodhisattva_vs_2017.lib(btVector3.obj)' or at 'C:\Users\Valentijn\Dropbox\C++ Games\bodhisattva\x64\Debug\LinearMath.pdb'; linking object as if no debug info
bodhisattva_vs_2017.lib(btQuickprof.obj) : warning LNK4099: PDB 'LinearMath.pdb' was not found with 'bodhisattva_vs_2017.lib(btQuickprof.obj)' or at 'C:\Users\Valentijn\Dropbox\C++ Games\bodhisattva\x64\Debug\LinearMath.pdb'; linking object as if no debug info
bodhisattva_vs_2017.lib(btGeometryUtil.obj) : warning LNK4099: PDB 'LinearMath.pdb' was not found with 'bodhisattva_vs_2017.lib(btGeometryUtil.obj)' or at 'C:\Users\Valentijn\Dropbox\C++ Games\bodhisattva\x64\Debug\LinearMath.pdb'; linking object as if no debug info
bodhisattva_vs_2017.lib(btConvexHullComputer.obj) : warning LNK4099: PDB 'LinearMath.pdb' was not found with 'bodhisattva_vs_2017.lib(btConvexHullComputer.obj)' or at 'C:\Users\Valentijn\Dropbox\C++ Games\bodhisattva\x64\Debug\LinearMath.pdb'; linking object as if no debug info
bodhisattva_vs_2017.lib(btAlignedAllocator.obj) : warning LNK4099: PDB 'LinearMath.pdb' was not found with 'bodhisattva_vs_2017.lib(btAlignedAllocator.obj)' or at 'C:\Users\Valentijn\Dropbox\C++ Games\bodhisattva\x64\Debug\LinearMath.pdb'; linking object as if no debug info
bodhisattva_vs_2017.lib(btPolyhedralContactClipping.obj) : warning LNK4099: PDB 'BulletCollision.pdb' was not found with 'bodhisattva_vs_2017.lib(btPolyhedralContactClipping.obj)' or at 'C:\Users\Valentijn\Dropbox\C++ Games\bodhisattva\x64\Debug\BulletCollision.pdb'; linking object as if no debug info
bodhisattva_vs_2017.lib(btVoronoiSimplexSolver.obj) : warning LNK4099: PDB 'BulletCollision.pdb' was not found with 'bodhisattva_vs_2017.lib(btVoronoiSimplexSolver.obj)' or at 'C:\Users\Valentijn\Dropbox\C++ Games\bodhisattva\x64\Debug\BulletCollision.pdb'; linking object as if no debug info
bodhisattva_vs_2017.lib(btSubSimplexConvexCast.obj) : warning LNK4099: PDB 'BulletCollision.pdb' was not found with 'bodhisattva_vs_2017.lib(btSubSimplexConvexCast.obj)' or at 'C:\Users\Valentijn\Dropbox\C++ Games\bodhisattva\x64\Debug\BulletCollision.pdb'; linking object as if no debug info
bodhisattva_vs_2017.lib(btRaycastCallback.obj) : warning LNK4099: PDB 'BulletCollision.pdb' was not found with 'bodhisattva_vs_2017.lib(btRaycastCallback.obj)' or at 'C:\Users\Valentijn\Dropbox\C++ Games\bodhisattva\x64\Debug\BulletCollision.pdb'; linking object as if no debug info
bodhisattva_vs_2017.lib(btPersistentManifold.obj) : warning LNK4099: PDB 'BulletCollision.pdb' was not found with 'bodhisattva_vs_2017.lib(btPersistentManifold.obj)' or at 'C:\Users\Valentijn\Dropbox\C++ Games\bodhisattva\x64\Debug\BulletCollision.pdb'; linking object as if no debug info
bodhisattva_vs_2017.lib(btMinkowskiPenetrationDepthSolver.obj) : warning LNK4099: PDB 'BulletCollision.pdb' was not found with 'bodhisattva_vs_2017.lib(btMinkowskiPenetrationDepthSolver.obj)' or at 'C:\Users\Valentijn\Dropbox\C++ Games\bodhisattva\x64\Debug\BulletCollision.pdb'; linking object as if no debug info
bodhisattva_vs_2017.lib(btGjkPairDetector.obj) : warning LNK4099: PDB 'BulletCollision.pdb' was not found with 'bodhisattva_vs_2017.lib(btGjkPairDetector.obj)' or at 'C:\Users\Valentijn\Dropbox\C++ Games\bodhisattva\x64\Debug\BulletCollision.pdb'; linking object as if no debug info
bodhisattva_vs_2017.lib(btGjkEpaPenetrationDepthSolver.obj) : warning LNK4099: PDB 'BulletCollision.pdb' was not found with 'bodhisattva_vs_2017.lib(btGjkEpaPenetrationDepthSolver.obj)' or at 'C:\Users\Valentijn\Dropbox\C++ Games\bodhisattva\x64\Debug\BulletCollision.pdb'; linking object as if no debug info
bodhisattva_vs_2017.lib(btGjkEpa2.obj) : warning LNK4099: PDB 'BulletCollision.pdb' was not found with 'bodhisattva_vs_2017.lib(btGjkEpa2.obj)' or at 'C:\Users\Valentijn\Dropbox\C++ Games\bodhisattva\x64\Debug\BulletCollision.pdb'; linking object as if no debug info
bodhisattva_vs_2017.lib(btGjkConvexCast.obj) : warning LNK4099: PDB 'BulletCollision.pdb' was not found with 'bodhisattva_vs_2017.lib(btGjkConvexCast.obj)' or at 'C:\Users\Valentijn\Dropbox\C++ Games\bodhisattva\x64\Debug\BulletCollision.pdb'; linking object as if no debug info
bodhisattva_vs_2017.lib(btConvexCast.obj) : warning LNK4099: PDB 'BulletCollision.pdb' was not found with 'bodhisattva_vs_2017.lib(btConvexCast.obj)' or at 'C:\Users\Valentijn\Dropbox\C++ Games\bodhisattva\x64\Debug\BulletCollision.pdb'; linking object as if no debug info
bodhisattva_vs_2017.lib(btContinuousConvexCollision.obj) : warning LNK4099: PDB 'BulletCollision.pdb' was not found with 'bodhisattva_vs_2017.lib(btContinuousConvexCollision.obj)' or at 'C:\Users\Valentijn\Dropbox\C++ Games\bodhisattva\x64\Debug\BulletCollision.pdb'; linking object as if no debug info
bodhisattva_vs_2017.lib(btTriangleMeshShape.obj) : warning LNK4099: PDB 'BulletCollision.pdb' was not found with 'bodhisattva_vs_2017.lib(btTriangleMeshShape.obj)' or at 'C:\Users\Valentijn\Dropbox\C++ Games\bodhisattva\x64\Debug\BulletCollision.pdb'; linking object as if no debug info
bodhisattva_vs_2017.lib(btTriangleCallback.obj) : warning LNK4099: PDB 'BulletCollision.pdb' was not found with 'bodhisattva_vs_2017.lib(btTriangleCallback.obj)' or at 'C:\Users\Valentijn\Dropbox\C++ Games\bodhisattva\x64\Debug\BulletCollision.pdb'; linking object as if no debug info
bodhisattva_vs_2017.lib(btSphereShape.obj) : warning LNK4099: PDB 'BulletCollision.pdb' was not found with 'bodhisattva_vs_2017.lib(btSphereShape.obj)' or at 'C:\Users\Valentijn\Dropbox\C++ Games\bodhisattva\x64\Debug\BulletCollision.pdb'; linking object as if no debug info
bodhisattva_vs_2017.lib(btSdfCollisionShape.obj) : warning LNK4099: PDB 'BulletCollision.pdb' was not found with 'bodhisattva_vs_2017.lib(btSdfCollisionShape.obj)' or at 'C:\Users\Valentijn\Dropbox\C++ Games\bodhisattva\x64\Debug\BulletCollision.pdb'; linking object as if no debug info
bodhisattva_vs_2017.lib(btPolyhedralConvexShape.obj) : warning LNK4099: PDB 'BulletCollision.pdb' was not found with 'bodhisattva_vs_2017.lib(btPolyhedralConvexShape.obj)' or at 'C:\Users\Valentijn\Dropbox\C++ Games\bodhisattva\x64\Debug\BulletCollision.pdb'; linking object as if no debug info
bodhisattva_vs_2017.lib(btOptimizedBvh.obj) : warning LNK4099: PDB 'BulletCollision.pdb' was not found with 'bodhisattva_vs_2017.lib(btOptimizedBvh.obj)' or at 'C:\Users\Valentijn\Dropbox\C++ Games\bodhisattva\x64\Debug\BulletCollision.pdb'; linking object as if no debug info
bodhisattva_vs_2017.lib(btMiniSDF.obj) : warning LNK4099: PDB 'BulletCollision.pdb' was not found with 'bodhisattva_vs_2017.lib(btMiniSDF.obj)' or at 'C:\Users\Valentijn\Dropbox\C++ Games\bodhisattva\x64\Debug\BulletCollision.pdb'; linking object as if no debug info
bodhisattva_vs_2017.lib(btConvexShape.obj) : warning LNK4099: PDB 'BulletCollision.pdb' was not found with 'bodhisattva_vs_2017.lib(btConvexShape.obj)' or at 'C:\Users\Valentijn\Dropbox\C++ Games\bodhisattva\x64\Debug\BulletCollision.pdb'; linking object as if no debug info
bodhisattva_vs_2017.lib(btConvexPolyhedron.obj) : warning LNK4099: PDB 'BulletCollision.pdb' was not found with 'bodhisattva_vs_2017.lib(btConvexPolyhedron.obj)' or at 'C:\Users\Valentijn\Dropbox\C++ Games\bodhisattva\x64\Debug\BulletCollision.pdb'; linking object as if no debug info
bodhisattva_vs_2017.lib(btConvexInternalShape.obj) : warning LNK4099: PDB 'BulletCollision.pdb' was not found with 'bodhisattva_vs_2017.lib(btConvexInternalShape.obj)' or at 'C:\Users\Valentijn\Dropbox\C++ Games\bodhisattva\x64\Debug\BulletCollision.pdb'; linking object as if no debug info
bodhisattva_vs_2017.lib(btConcaveShape.obj) : warning LNK4099: PDB 'BulletCollision.pdb' was not found with 'bodhisattva_vs_2017.lib(btConcaveShape.obj)' or at 'C:\Users\Valentijn\Dropbox\C++ Games\bodhisattva\x64\Debug\BulletCollision.pdb'; linking object as if no debug info
bodhisattva_vs_2017.lib(btCollisionShape.obj) : warning LNK4099: PDB 'BulletCollision.pdb' was not found with 'bodhisattva_vs_2017.lib(btCollisionShape.obj)' or at 'C:\Users\Valentijn\Dropbox\C++ Games\bodhisattva\x64\Debug\BulletCollision.pdb'; linking object as if no debug info
bodhisattva_vs_2017.lib(btBvhTriangleMeshShape.obj) : warning LNK4099: PDB 'BulletCollision.pdb' was not found with 'bodhisattva_vs_2017.lib(btBvhTriangleMeshShape.obj)' or at 'C:\Users\Valentijn\Dropbox\C++ Games\bodhisattva\x64\Debug\BulletCollision.pdb'; linking object as if no debug info
bodhisattva_vs_2017.lib(btBoxShape.obj) : warning LNK4099: PDB 'BulletCollision.pdb' was not found with 'bodhisattva_vs_2017.lib(btBoxShape.obj)' or at 'C:\Users\Valentijn\Dropbox\C++ Games\bodhisattva\x64\Debug\BulletCollision.pdb'; linking object as if no debug info
bodhisattva_vs_2017.lib(SphereTriangleDetector.obj) : warning LNK4099: PDB 'BulletCollision.pdb' was not found with 'bodhisattva_vs_2017.lib(SphereTriangleDetector.obj)' or at 'C:\Users\Valentijn\Dropbox\C++ Games\bodhisattva\x64\Debug\BulletCollision.pdb'; linking object as if no debug info
bodhisattva_vs_2017.lib(btUnionFind.obj) : warning LNK4099: PDB 'BulletCollision.pdb' was not found with 'bodhisattva_vs_2017.lib(btUnionFind.obj)' or at 'C:\Users\Valentijn\Dropbox\C++ Games\bodhisattva\x64\Debug\BulletCollision.pdb'; linking object as if no debug info
bodhisattva_vs_2017.lib(btSphereTriangleCollisionAlgorithm.obj) : warning LNK4099: PDB 'BulletCollision.pdb' was not found with 'bodhisattva_vs_2017.lib(btSphereTriangleCollisionAlgorithm.obj)' or at 'C:\Users\Valentijn\Dropbox\C++ Games\bodhisattva\x64\Debug\BulletCollision.pdb'; linking object as if no debug info
bodhisattva_vs_2017.lib(btSphereSphereCollisionAlgorithm.obj) : warning LNK4099: PDB 'BulletCollision.pdb' was not found with 'bodhisattva_vs_2017.lib(btSphereSphereCollisionAlgorithm.obj)' or at 'C:\Users\Valentijn\Dropbox\C++ Games\bodhisattva\x64\Debug\BulletCollision.pdb'; linking object as if no debug info
bodhisattva_vs_2017.lib(btSimulationIslandManager.obj) : warning LNK4099: PDB 'BulletCollision.pdb' was not found with 'bodhisattva_vs_2017.lib(btSimulationIslandManager.obj)' or at 'C:\Users\Valentijn\Dropbox\C++ Games\bodhisattva\x64\Debug\BulletCollision.pdb'; linking object as if no debug info
bodhisattva_vs_2017.lib(btManifoldResult.obj) : warning LNK4099: PDB 'BulletCollision.pdb' was not found with 'bodhisattva_vs_2017.lib(btManifoldResult.obj)' or at 'C:\Users\Valentijn\Dropbox\C++ Games\bodhisattva\x64\Debug\BulletCollision.pdb'; linking object as if no debug info
bodhisattva_vs_2017.lib(btHashedSimplePairCache.obj) : warning LNK4099: PDB 'BulletCollision.pdb' was not found with 'bodhisattva_vs_2017.lib(btHashedSimplePairCache.obj)' or at 'C:\Users\Valentijn\Dropbox\C++ Games\bodhisattva\x64\Debug\BulletCollision.pdb'; linking object as if no debug info
bodhisattva_vs_2017.lib(btEmptyCollisionAlgorithm.obj) : warning LNK4099: PDB 'BulletCollision.pdb' was not found with 'bodhisattva_vs_2017.lib(btEmptyCollisionAlgorithm.obj)' or at 'C:\Users\Valentijn\Dropbox\C++ Games\bodhisattva\x64\Debug\BulletCollision.pdb'; linking object as if no debug info
bodhisattva_vs_2017.lib(btDefaultCollisionConfiguration.obj) : warning LNK4099: PDB 'BulletCollision.pdb' was not found with 'bodhisattva_vs_2017.lib(btDefaultCollisionConfiguration.obj)' or at 'C:\Users\Valentijn\Dropbox\C++ Games\bodhisattva\x64\Debug\BulletCollision.pdb'; linking object as if no debug info
bodhisattva_vs_2017.lib(btConvexPlaneCollisionAlgorithm.obj) : warning LNK4099: PDB 'BulletCollision.pdb' was not found with 'bodhisattva_vs_2017.lib(btConvexPlaneCollisionAlgorithm.obj)' or at 'C:\Users\Valentijn\Dropbox\C++ Games\bodhisattva\x64\Debug\BulletCollision.pdb'; linking object as if no debug info
bodhisattva_vs_2017.lib(btConvexConvexAlgorithm.obj) : warning LNK4099: PDB 'BulletCollision.pdb' was not found with 'bodhisattva_vs_2017.lib(btConvexConvexAlgorithm.obj)' or at 'C:\Users\Valentijn\Dropbox\C++ Games\bodhisattva\x64\Debug\BulletCollision.pdb'; linking object as if no debug info
bodhisattva_vs_2017.lib(btConvexConcaveCollisionAlgorithm.obj) : warning LNK4099: PDB 'BulletCollision.pdb' was not found with 'bodhisattva_vs_2017.lib(btConvexConcaveCollisionAlgorithm.obj)' or at 'C:\Users\Valentijn\Dropbox\C++ Games\bodhisattva\x64\Debug\BulletCollision.pdb'; linking object as if no debug info
bodhisattva_vs_2017.lib(btCompoundCompoundCollisionAlgorithm.obj) : warning LNK4099: PDB 'BulletCollision.pdb' was not found with 'bodhisattva_vs_2017.lib(btCompoundCompoundCollisionAlgorithm.obj)' or at 'C:\Users\Valentijn\Dropbox\C++ Games\bodhisattva\x64\Debug\BulletCollision.pdb'; linking object as if no debug info
bodhisattva_vs_2017.lib(btCompoundCollisionAlgorithm.obj) : warning LNK4099: PDB 'BulletCollision.pdb' was not found with 'bodhisattva_vs_2017.lib(btCompoundCollisionAlgorithm.obj)' or at 'C:\Users\Valentijn\Dropbox\C++ Games\bodhisattva\x64\Debug\BulletCollision.pdb'; linking object as if no debug info
bodhisattva_vs_2017.lib(btCollisionWorld.obj) : warning LNK4099: PDB 'BulletCollision.pdb' was not found with 'bodhisattva_vs_2017.lib(btCollisionWorld.obj)' or at 'C:\Users\Valentijn\Dropbox\C++ Games\bodhisattva\x64\Debug\BulletCollision.pdb'; linking object as if no debug info
bodhisattva_vs_2017.lib(btCollisionObject.obj) : warning LNK4099: PDB 'BulletCollision.pdb' was not found with 'bodhisattva_vs_2017.lib(btCollisionObject.obj)' or at 'C:\Users\Valentijn\Dropbox\C++ Games\bodhisattva\x64\Debug\BulletCollision.pdb'; linking object as if no debug info
bodhisattva_vs_2017.lib(btCollisionDispatcher.obj) : warning LNK4099: PDB 'BulletCollision.pdb' was not found with 'bodhisattva_vs_2017.lib(btCollisionDispatcher.obj)' or at 'C:\Users\Valentijn\Dropbox\C++ Games\bodhisattva\x64\Debug\BulletCollision.pdb'; linking object as if no debug info
bodhisattva_vs_2017.lib(btBoxBoxDetector.obj) : warning LNK4099: PDB 'BulletCollision.pdb' was not found with 'bodhisattva_vs_2017.lib(btBoxBoxDetector.obj)' or at 'C:\Users\Valentijn\Dropbox\C++ Games\bodhisattva\x64\Debug\BulletCollision.pdb'; linking object as if no debug info
bodhisattva_vs_2017.lib(btBoxBoxCollisionAlgorithm.obj) : warning LNK4099: PDB 'BulletCollision.pdb' was not found with 'bodhisattva_vs_2017.lib(btBoxBoxCollisionAlgorithm.obj)' or at 'C:\Users\Valentijn\Dropbox\C++ Games\bodhisattva\x64\Debug\BulletCollision.pdb'; linking object as if no debug info
bodhisattva_vs_2017.lib(btActivatingCollisionAlgorithm.obj) : warning LNK4099: PDB 'BulletCollision.pdb' was not found with 'bodhisattva_vs_2017.lib(btActivatingCollisionAlgorithm.obj)' or at 'C:\Users\Valentijn\Dropbox\C++ Games\bodhisattva\x64\Debug\BulletCollision.pdb'; linking object as if no debug info
bodhisattva_vs_2017.lib(btQuantizedBvh.obj) : warning LNK4099: PDB 'BulletCollision.pdb' was not found with 'bodhisattva_vs_2017.lib(btQuantizedBvh.obj)' or at 'C:\Users\Valentijn\Dropbox\C++ Games\bodhisattva\x64\Debug\BulletCollision.pdb'; linking object as if no debug info
bodhisattva_vs_2017.lib(btOverlappingPairCache.obj) : warning LNK4099: PDB 'BulletCollision.pdb' was not found with 'bodhisattva_vs_2017.lib(btOverlappingPairCache.obj)' or at 'C:\Users\Valentijn\Dropbox\C++ Games\bodhisattva\x64\Debug\BulletCollision.pdb'; linking object as if no debug info
bodhisattva_vs_2017.lib(btDispatcher.obj) : warning LNK4099: PDB 'BulletCollision.pdb' was not found with 'bodhisattva_vs_2017.lib(btDispatcher.obj)' or at 'C:\Users\Valentijn\Dropbox\C++ Games\bodhisattva\x64\Debug\BulletCollision.pdb'; linking object as if no debug info
bodhisattva_vs_2017.lib(btDbvtBroadphase.obj) : warning LNK4099: PDB 'BulletCollision.pdb' was not found with 'bodhisattva_vs_2017.lib(btDbvtBroadphase.obj)' or at 'C:\Users\Valentijn\Dropbox\C++ Games\bodhisattva\x64\Debug\BulletCollision.pdb'; linking object as if no debug info
bodhisattva_vs_2017.lib(btDbvt.obj) : warning LNK4099: PDB 'BulletCollision.pdb' was not found with 'bodhisattva_vs_2017.lib(btDbvt.obj)' or at 'C:\Users\Valentijn\Dropbox\C++ Games\bodhisattva\x64\Debug\BulletCollision.pdb'; linking object as if no debug info
bodhisattva_vs_2017.lib(btCollisionAlgorithm.obj) : warning LNK4099: PDB 'BulletCollision.pdb' was not found with 'bodhisattva_vs_2017.lib(btCollisionAlgorithm.obj)' or at 'C:\Users\Valentijn\Dropbox\C++ Games\bodhisattva\x64\Debug\BulletCollision.pdb'; linking object as if no debug info
bodhisattva_vs_2017.lib(btRigidBody.obj) : warning LNK4099: PDB 'BulletDynamics.pdb' was not found with 'bodhisattva_vs_2017.lib(btRigidBody.obj)' or at 'C:\Users\Valentijn\Dropbox\C++ Games\bodhisattva\x64\Debug\BulletDynamics.pdb'; linking object as if no debug info
bodhisattva_vs_2017.lib(btDiscreteDynamicsWorld.obj) : warning LNK4099: PDB 'BulletDynamics.pdb' was not found with 'bodhisattva_vs_2017.lib(btDiscreteDynamicsWorld.obj)' or at 'C:\Users\Valentijn\Dropbox\C++ Games\bodhisattva\x64\Debug\BulletDynamics.pdb'; linking object as if no debug info
bodhisattva_vs_2017.lib(btTypedConstraint.obj) : warning LNK4099: PDB 'BulletDynamics.pdb' was not found with 'bodhisattva_vs_2017.lib(btTypedConstraint.obj)' or at 'C:\Users\Valentijn\Dropbox\C++ Games\bodhisattva\x64\Debug\BulletDynamics.pdb'; linking object as if no debug info
bodhisattva_vs_2017.lib(btSequentialImpulseConstraintSolver.obj) : warning LNK4099: PDB 'BulletDynamics.pdb' was not found with 'bodhisattva_vs_2017.lib(btSequentialImpulseConstraintSolver.obj)' or at 'C:\Users\Valentijn\Dropbox\C++ Games\bodhisattva\x64\Debug\BulletDynamics.pdb'; linking object as if no debug info
bodhisattva_vs_2017.lib(btGeneric6DofConstraint.obj) : warning LNK4099: PDB 'BulletDynamics.pdb' was not found with 'bodhisattva_vs_2017.lib(btGeneric6DofConstraint.obj)' or at 'C:\Users\Valentijn\Dropbox\C++ Games\bodhisattva\x64\Debug\BulletDynamics.pdb'; linking object as if no debug info
bodhisattva_vs_2017.lib(btConeTwistConstraint.obj) : warning LNK4099: PDB 'BulletDynamics.pdb' was not found with 'bodhisattva_vs_2017.lib(btConeTwistConstraint.obj)' or at 'C:\Users\Valentijn\Dropbox\C++ Games\bodhisattva\x64\Debug\BulletDynamics.pdb'; linking object as if no debug info
  Example.vcxproj -> C:\Users\Valentijn\Dropbox\C++ Games\bodhisattva\x64\Debug\Example.exe
