c:\users\valentijn\dropbox\sdl_opengl_boilerplate\sdl_opengl_boilerplate\x64\debug\vc141.pdb
c:\users\valentijn\dropbox\sdl_opengl_boilerplate\sdl_opengl_boilerplate\x64\debug\vc141.idb
c:\users\valentijn\dropbox\sdl_opengl_boilerplate\sdl_opengl_boilerplate\x64\debug\texture.obj
c:\users\valentijn\dropbox\sdl_opengl_boilerplate\sdl_opengl_boilerplate\x64\debug\model.obj
c:\users\valentijn\dropbox\sdl_opengl_boilerplate\sdl_opengl_boilerplate\x64\debug\mesh.obj
c:\users\valentijn\dropbox\sdl_opengl_boilerplate\sdl_opengl_boilerplate\x64\debug\material.obj
c:\users\valentijn\dropbox\sdl_opengl_boilerplate\sdl_opengl_boilerplate\x64\debug\main.obj
c:\users\valentijn\dropbox\sdl_opengl_boilerplate\sdl_opengl_boilerplate\x64\debug\light.obj
c:\users\valentijn\dropbox\sdl_opengl_boilerplate\sdl_opengl_boilerplate\x64\debug\camera.obj
c:\users\valentijn\dropbox\sdl_opengl_boilerplate\sdl_opengl_boilerplate\x64\debug\actor.obj
c:\users\valentijn\dropbox\sdl_opengl_boilerplate\x64\debug\sdl_opengl_boilerplate.pdb
c:\users\valentijn\dropbox\sdl_opengl_boilerplate\sdl_opengl_boilerplate\x64\debug\sdl_open.57a9ba3a.tlog\cl.command.1.tlog
c:\users\valentijn\dropbox\sdl_opengl_boilerplate\sdl_opengl_boilerplate\x64\debug\sdl_open.57a9ba3a.tlog\cl.read.1.tlog
c:\users\valentijn\dropbox\sdl_opengl_boilerplate\sdl_opengl_boilerplate\x64\debug\sdl_open.57a9ba3a.tlog\cl.write.1.tlog
c:\users\valentijn\dropbox\sdl_opengl_boilerplate\sdl_opengl_boilerplate\x64\debug\sdl_open.57a9ba3a.tlog\link-cvtres.read.1.tlog
c:\users\valentijn\dropbox\sdl_opengl_boilerplate\sdl_opengl_boilerplate\x64\debug\sdl_open.57a9ba3a.tlog\link-cvtres.write.1.tlog
c:\users\valentijn\dropbox\sdl_opengl_boilerplate\sdl_opengl_boilerplate\x64\debug\sdl_open.57a9ba3a.tlog\link-rc.read.1.tlog
c:\users\valentijn\dropbox\sdl_opengl_boilerplate\sdl_opengl_boilerplate\x64\debug\sdl_open.57a9ba3a.tlog\link-rc.write.1.tlog
c:\users\valentijn\dropbox\sdl_opengl_boilerplate\sdl_opengl_boilerplate\x64\debug\sdl_open.57a9ba3a.tlog\link.command.1.tlog
c:\users\valentijn\dropbox\sdl_opengl_boilerplate\sdl_opengl_boilerplate\x64\debug\sdl_open.57a9ba3a.tlog\link.read.1.tlog
c:\users\valentijn\dropbox\sdl_opengl_boilerplate\sdl_opengl_boilerplate\x64\debug\sdl_open.57a9ba3a.tlog\link.write.1.tlog
