c:\users\valentijn\dropbox\c++ games\bodhisattva\bodhisattva_vs_2017\x64\debug\bodhisattva_vs_2017.pdb
c:\users\valentijn\dropbox\c++ games\bodhisattva\bodhisattva_vs_2017\x64\debug\bodhisattva_vs_2017.idb
c:\users\valentijn\dropbox\c++ games\bodhisattva\bodhisattva_vs_2017\x64\debug\debug.obj
c:\users\valentijn\dropbox\c++ games\bodhisattva\bodhisattva_vs_2017\x64\debug\texture.obj
c:\users\valentijn\dropbox\c++ games\bodhisattva\bodhisattva_vs_2017\x64\debug\scene.obj
c:\users\valentijn\dropbox\c++ games\bodhisattva\bodhisattva_vs_2017\x64\debug\rigidbody.obj
c:\users\valentijn\dropbox\c++ games\bodhisattva\bodhisattva_vs_2017\x64\debug\model.obj
c:\users\valentijn\dropbox\c++ games\bodhisattva\bodhisattva_vs_2017\x64\debug\mesh.obj
c:\users\valentijn\dropbox\c++ games\bodhisattva\bodhisattva_vs_2017\x64\debug\material.obj
c:\users\valentijn\dropbox\c++ games\bodhisattva\bodhisattva_vs_2017\x64\debug\light.obj
c:\users\valentijn\dropbox\c++ games\bodhisattva\bodhisattva_vs_2017\x64\debug\engine.obj
c:\users\valentijn\dropbox\c++ games\bodhisattva\bodhisattva_vs_2017\x64\debug\camera.obj
c:\users\valentijn\dropbox\c++ games\bodhisattva\bodhisattva_vs_2017\x64\debug\actor.obj
c:\users\valentijn\dropbox\c++ games\bodhisattva\bodhisattva_vs_2017\x64\debug\glad.obj
c:\users\valentijn\source\repos\blockfishing\x64\debug\bodhisattva_vs_2017.lib
c:\users\valentijn\source\repos\blockfishing\x64\debug\bodhisattva_vs_2017.pdb
c:\users\valentijn\dropbox\c++ games\bodhisattva\bodhisattva_vs_2017\x64\debug\bodhisat.437de240.tlog\cl.command.1.tlog
c:\users\valentijn\dropbox\c++ games\bodhisattva\bodhisattva_vs_2017\x64\debug\bodhisat.437de240.tlog\cl.read.1.tlog
c:\users\valentijn\dropbox\c++ games\bodhisattva\bodhisattva_vs_2017\x64\debug\bodhisat.437de240.tlog\cl.write.1.tlog
c:\users\valentijn\dropbox\c++ games\bodhisattva\bodhisattva_vs_2017\x64\debug\bodhisat.437de240.tlog\lib-link.read.1.tlog
c:\users\valentijn\dropbox\c++ games\bodhisattva\bodhisattva_vs_2017\x64\debug\bodhisat.437de240.tlog\lib-link.write.1.tlog
c:\users\valentijn\dropbox\c++ games\bodhisattva\bodhisattva_vs_2017\x64\debug\bodhisat.437de240.tlog\lib.command.1.tlog
